<?xml version="1.0" encoding="UTF-8"?>
<!-- Generated by org.testng.reporters.JUnitXMLReporter -->
<testsuite ignored="0" hostname="Kapil-PC" failures="0" tests="4" name="Default test" time="0.795" errors="0" timestamp="27 Apr 2019 12:02:37 GMT">
  <testcase classname="TestngListeners.DataProviderTestScript" name="dataProvider" time="0.036"/>
  <testcase classname="TestngListeners.DataProviderTestScript" name="dataProvider" time="0.004"/>
  <testcase classname="TestngListeners.DataProviderTestScript" name="dataProvider" time="0.003"/>
  <testcase classname="TestngListeners.DataProviderTestScript" name="dataProvider" time="0.003"/>
</testsuite> <!-- Default test -->
