<?xml version="1.0" encoding="UTF-8"?>
<!-- Generated by org.testng.reporters.JUnitXMLReporter -->
<testsuite ignored="0" hostname="Kapil-PC" failures="2" tests="4" name="Test" time="0.11" errors="0" timestamp="06 Apr 2019 17:10:30 GMT">
  <testcase classname="TestngListeners.TestngListeners1" name="test" time="0.01"/>
  <testcase classname="TestngListeners.TestngListeners1" name="test2" time="0.01"/>
  <testcase classname="TestngListeners.TestngListeners1" name="test3" time="0.017">
    <failure type="java.lang.AssertionError" message="expected [false] but found [true]">
      <![CDATA[java.lang.AssertionError: expected [false] but found [true]
at TestngListeners.TestngListeners1.test3(TestngListeners1.java:27)
... Removed 31 stack frames]]>
    </failure>
  </testcase> <!-- test3 -->
  <testcase classname="TestngListeners.TestngListeners1" name="test4" time="0.002">
    <failure type="java.lang.AssertionError" message="expected [false] but found [true]">
      <![CDATA[java.lang.AssertionError: expected [false] but found [true]
at TestngListeners.TestngListeners1.test4(TestngListeners1.java:32)
... Removed 31 stack frames]]>
    </failure>
  </testcase> <!-- test4 -->
</testsuite> <!-- Test -->
