<?xml version="1.0" encoding="UTF-8"?>
<testng-results ignored="0" total="4" passed="4" failed="0" skipped="0">
  <reporter-output>
  </reporter-output>
  <suite started-at="2019-04-27T12:02:36Z" name="Default suite" finished-at="2019-04-27T12:02:37Z" duration-ms="795">
    <groups>
    </groups>
    <test started-at="2019-04-27T12:02:36Z" name="Default test" finished-at="2019-04-27T12:02:37Z" duration-ms="795">
      <class name="TestngListeners.DataProviderTestScript">
        <test-method signature="dataProvider(java.lang.String, java.lang.String, java.lang.String)[pri:0, instance:TestngListeners.DataProviderTestScript@185a6e9]" started-at="2019-04-27T12:02:36Z" name="dataProvider" data-provider="dp1" finished-at="2019-04-27T12:02:36Z" duration-ms="36" status="PASS">
          <params>
            <param index="0">
              <value>
                <![CDATA[0]]>
              </value>
            </param>
            <param index="1">
              <value>
                <![CDATA[Name]]>
              </value>
            </param>
            <param index="2">
              <value>
                <![CDATA[Subject]]>
              </value>
            </param>
          </params>
          <reporter-output>
          </reporter-output>
        </test-method> <!-- dataProvider -->
        <test-method signature="dataProvider(java.lang.String, java.lang.String, java.lang.String)[pri:0, instance:TestngListeners.DataProviderTestScript@185a6e9]" started-at="2019-04-27T12:02:37Z" name="dataProvider" data-provider="dp1" finished-at="2019-04-27T12:02:37Z" duration-ms="4" status="PASS">
          <params>
            <param index="0">
              <value>
                <![CDATA[1]]>
              </value>
            </param>
            <param index="1">
              <value>
                <![CDATA[Barkha]]>
              </value>
            </param>
            <param index="2">
              <value>
                <![CDATA[Selenium]]>
              </value>
            </param>
          </params>
          <reporter-output>
          </reporter-output>
        </test-method> <!-- dataProvider -->
        <test-method signature="dataProvider(java.lang.String, java.lang.String, java.lang.String)[pri:0, instance:TestngListeners.DataProviderTestScript@185a6e9]" started-at="2019-04-27T12:02:37Z" name="dataProvider" data-provider="dp1" finished-at="2019-04-27T12:02:37Z" duration-ms="3" status="PASS">
          <params>
            <param index="0">
              <value>
                <![CDATA[2]]>
              </value>
            </param>
            <param index="1">
              <value>
                <![CDATA[Test]]>
              </value>
            </param>
            <param index="2">
              <value>
                <![CDATA[Java]]>
              </value>
            </param>
          </params>
          <reporter-output>
          </reporter-output>
        </test-method> <!-- dataProvider -->
        <test-method signature="dataProvider(java.lang.String, java.lang.String, java.lang.String)[pri:0, instance:TestngListeners.DataProviderTestScript@185a6e9]" started-at="2019-04-27T12:02:37Z" name="dataProvider" data-provider="dp1" finished-at="2019-04-27T12:02:37Z" duration-ms="3" status="PASS">
          <params>
            <param index="0">
              <value>
                <![CDATA[3]]>
              </value>
            </param>
            <param index="1">
              <value>
                <![CDATA[Test1]]>
              </value>
            </param>
            <param index="2">
              <value>
                <![CDATA[JavaScript]]>
              </value>
            </param>
          </params>
          <reporter-output>
          </reporter-output>
        </test-method> <!-- dataProvider -->
      </class> <!-- TestngListeners.DataProviderTestScript -->
    </test> <!-- Default test -->
  </suite> <!-- Default suite -->
</testng-results>
